2020-06-24T08:54:59+00:00 CRITICAL syntax error, unexpected end of file in /home/427082.cloudwaysapps.com/kmjtdaheqs/public_html/wp-content/themes/twentyten-child/functions.php on line 511

2020-06-24T08:55:01+00:00 CRITICAL syntax error, unexpected end of file in /home/427082.cloudwaysapps.com/kmjtdaheqs/public_html/wp-content/themes/twentyten-child/functions.php on line 511

2020-06-24T08:55:01+00:00 CRITICAL syntax error, unexpected end of file in /home/427082.cloudwaysapps.com/kmjtdaheqs/public_html/wp-content/themes/twentyten-child/functions.php on line 511

2020-06-24T08:55:20+00:00 CRITICAL syntax error, unexpected end of file in /home/427082.cloudwaysapps.com/kmjtdaheqs/public_html/wp-content/themes/twentyten-child/woocommerce/archive-product.php on line 166

2020-06-24T09:04:17+00:00 CRITICAL syntax error, unexpected ';', expecting ')' in /home/427082.cloudwaysapps.com/kmjtdaheqs/public_html/wp-content/themes/twentyten-child/woocommerce/loop/result-count.php on line 37

2020-06-24T09:04:56+00:00 CRITICAL Uncaught ArgumentCountError: Too few arguments to function _nx(), 1 passed in /home/427082.cloudwaysapps.com/kmjtdaheqs/public_html/wp-content/themes/twentyten-child/woocommerce/loop/result-count.php on line 37 and at least 4 expected in /home/427082.cloudwaysapps.com/kmjtdaheqs/public_html/wp-includes/l10n.php:471
Stack trace:
#0 /home/427082.cloudwaysapps.com/kmjtdaheqs/public_html/wp-content/themes/twentyten-child/woocommerce/loop/result-count.php(37): _nx('View %2$d per p...')
#1 /home/427082.cloudwaysapps.com/kmjtdaheqs/public_html/wp-content/plugins/woocommerce/includes/wc-core-functions.php(251): include('/home/427082.cl...')
#2 /home/427082.cloudwaysapps.com/kmjtdaheqs/public_html/wp-content/plugins/woocommerce/includes/wc-template-functions.php(1344): wc_get_template('loop/result-cou...', Array)
#3 /home/427082.cloudwaysapps.com/kmjtdaheqs/public_html/wp-includes/class-wp-hook.php(287): woocommerce_result_count('')
#4 /home/427082.cloudwaysapps.com/kmjtdaheqs/public_html/wp-includes/class-wp-hook.php in /home/427082.cloudwaysapps.com/kmjtdaheqs/public_html/wp-includes/l10n.php on line 471

2020-06-24T09:49:19+00:00 CRITICAL Uncaught Error: Call to a member function get_image_id() on string in /home/427082.cloudwaysapps.com/kmjtdaheqs/public_html/wp-content/themes/twentyten-child/woocommerce/single-product.php:33
Stack trace:
#0 /home/427082.cloudwaysapps.com/kmjtdaheqs/public_html/wp-includes/template-loader.php(106): include()
#1 /home/427082.cloudwaysapps.com/kmjtdaheqs/public_html/wp-blog-header.php(19): require_once('/home/427082.cl...')
#2 /home/427082.cloudwaysapps.com/kmjtdaheqs/public_html/index.php(17): require('/home/427082.cl...')
#3 {main}
  thrown in /home/427082.cloudwaysapps.com/kmjtdaheqs/public_html/wp-content/themes/twentyten-child/woocommerce/single-product.php on line 33

2020-06-24T09:50:06+00:00 CRITICAL Uncaught Error: Call to a member function get_image_id() on string in /home/427082.cloudwaysapps.com/kmjtdaheqs/public_html/wp-content/themes/twentyten-child/woocommerce/single-product.php:38
Stack trace:
#0 /home/427082.cloudwaysapps.com/kmjtdaheqs/public_html/wp-includes/template-loader.php(106): include()
#1 /home/427082.cloudwaysapps.com/kmjtdaheqs/public_html/wp-blog-header.php(19): require_once('/home/427082.cl...')
#2 /home/427082.cloudwaysapps.com/kmjtdaheqs/public_html/index.php(17): require('/home/427082.cl...')
#3 {main}
  thrown in /home/427082.cloudwaysapps.com/kmjtdaheqs/public_html/wp-content/themes/twentyten-child/woocommerce/single-product.php on line 38

2020-06-24T09:50:19+00:00 CRITICAL Uncaught Error: Call to a member function get_image_id() on string in /home/427082.cloudwaysapps.com/kmjtdaheqs/public_html/wp-content/themes/twentyten-child/woocommerce/single-product.php:38
Stack trace:
#0 /home/427082.cloudwaysapps.com/kmjtdaheqs/public_html/wp-includes/template-loader.php(106): include()
#1 /home/427082.cloudwaysapps.com/kmjtdaheqs/public_html/wp-blog-header.php(19): require_once('/home/427082.cl...')
#2 /home/427082.cloudwaysapps.com/kmjtdaheqs/public_html/index.php(17): require('/home/427082.cl...')
#3 {main}
  thrown in /home/427082.cloudwaysapps.com/kmjtdaheqs/public_html/wp-content/themes/twentyten-child/woocommerce/single-product.php on line 38

2020-06-24T12:56:39+00:00 CRITICAL Uncaught Error: Call to a member function get_sku() on null in /home/427082.cloudwaysapps.com/kmjtdaheqs/public_html/wp-content/themes/twentyten-child/woocommerce/single-product/short-description.php:37
Stack trace:
#0 /home/427082.cloudwaysapps.com/kmjtdaheqs/public_html/wp-content/plugins/woocommerce/includes/wc-core-functions.php(251): include()
#1 /home/427082.cloudwaysapps.com/kmjtdaheqs/public_html/wp-content/plugins/woocommerce/includes/wc-template-functions.php(1538): wc_get_template('single-product/...')
#2 /home/427082.cloudwaysapps.com/kmjtdaheqs/public_html/wp-includes/class-wp-hook.php(287): woocommerce_template_single_excerpt('')
#3 /home/427082.cloudwaysapps.com/kmjtdaheqs/public_html/wp-includes/class-wp-hook.php(311): WP_Hook->apply_filters(NULL, Array)
#4 /home/427082.cloudwaysapps.com/kmjtdaheqs/public_html/wp-includes/plugin.php(478): WP_Hook->do_action(Array)
#5 /home/427082.cloudwaysapps.com/kmjtdaheqs/public_html/wp-content/themes/twentyten-child/woocommerce/content-single-product.php(6 in /home/427082.cloudwaysapps.com/kmjtdaheqs/public_html/wp-content/themes/twentyten-child/woocommerce/single-product/short-description.php on line 37

2020-06-24T12:57:14+00:00 CRITICAL Uncaught Error: Call to a member function get_sku() on null in /home/427082.cloudwaysapps.com/kmjtdaheqs/public_html/wp-content/themes/twentyten-child/woocommerce/single-product/short-description.php:37
Stack trace:
#0 /home/427082.cloudwaysapps.com/kmjtdaheqs/public_html/wp-content/plugins/woocommerce/includes/wc-core-functions.php(251): include()
#1 /home/427082.cloudwaysapps.com/kmjtdaheqs/public_html/wp-content/plugins/woocommerce/includes/wc-template-functions.php(1538): wc_get_template('single-product/...')
#2 /home/427082.cloudwaysapps.com/kmjtdaheqs/public_html/wp-includes/class-wp-hook.php(287): woocommerce_template_single_excerpt('')
#3 /home/427082.cloudwaysapps.com/kmjtdaheqs/public_html/wp-includes/class-wp-hook.php(311): WP_Hook->apply_filters(NULL, Array)
#4 /home/427082.cloudwaysapps.com/kmjtdaheqs/public_html/wp-includes/plugin.php(478): WP_Hook->do_action(Array)
#5 /home/427082.cloudwaysapps.com/kmjtdaheqs/public_html/wp-content/themes/twentyten-child/woocommerce/content-single-product.php(6 in /home/427082.cloudwaysapps.com/kmjtdaheqs/public_html/wp-content/themes/twentyten-child/woocommerce/single-product/short-description.php on line 37

2020-06-24T12:57:30+00:00 CRITICAL Uncaught Error: Call to a member function get_sku() on null in /home/427082.cloudwaysapps.com/kmjtdaheqs/public_html/wp-content/themes/twentyten-child/woocommerce/single-product/short-description.php:37
Stack trace:
#0 /home/427082.cloudwaysapps.com/kmjtdaheqs/public_html/wp-content/plugins/woocommerce/includes/wc-core-functions.php(251): include()
#1 /home/427082.cloudwaysapps.com/kmjtdaheqs/public_html/wp-content/plugins/woocommerce/includes/wc-template-functions.php(1538): wc_get_template('single-product/...')
#2 /home/427082.cloudwaysapps.com/kmjtdaheqs/public_html/wp-includes/class-wp-hook.php(287): woocommerce_template_single_excerpt('')
#3 /home/427082.cloudwaysapps.com/kmjtdaheqs/public_html/wp-includes/class-wp-hook.php(311): WP_Hook->apply_filters(NULL, Array)
#4 /home/427082.cloudwaysapps.com/kmjtdaheqs/public_html/wp-includes/plugin.php(478): WP_Hook->do_action(Array)
#5 /home/427082.cloudwaysapps.com/kmjtdaheqs/public_html/wp-content/themes/twentyten-child/woocommerce/content-single-product.php(6 in /home/427082.cloudwaysapps.com/kmjtdaheqs/public_html/wp-content/themes/twentyten-child/woocommerce/single-product/short-description.php on line 37

2020-06-24T14:23:19+00:00 CRITICAL Uncaught Error: Call to undefined method WooCommerce::get_image_size() in /home/427082.cloudwaysapps.com/kmjtdaheqs/public_html/wp-content/themes/twentyten-child/functions.php:546
Stack trace:
#0 /home/427082.cloudwaysapps.com/kmjtdaheqs/public_html/wp-content/themes/twentyten-child/functions.php(532): woocommerce_get_product_thumbnail()
#1 /home/427082.cloudwaysapps.com/kmjtdaheqs/public_html/wp-includes/class-wp-hook.php(287): woocommerce_template_loop_product_thumbnail('')
#2 /home/427082.cloudwaysapps.com/kmjtdaheqs/public_html/wp-includes/class-wp-hook.php(311): WP_Hook->apply_filters(NULL, Array)
#3 /home/427082.cloudwaysapps.com/kmjtdaheqs/public_html/wp-includes/plugin.php(478): WP_Hook->do_action(Array)
#4 /home/427082.cloudwaysapps.com/kmjtdaheqs/public_html/wp-content/themes/twentyten-child/woocommerce/content-product.php(44): do_action('woocommerce_bef...')
#5 /home/427082.cloudwaysapps.com/kmjtdaheqs/public_html/wp-includes/template.php(725): require('/home/427082.cl...')
#6 /home/427082.cloudway in /home/427082.cloudwaysapps.com/kmjtdaheqs/public_html/wp-content/themes/twentyten-child/functions.php on line 546

2020-06-24T14:23:51+00:00 CRITICAL Uncaught Error: Call to undefined method WooCommerce::get_image_size() in /home/427082.cloudwaysapps.com/kmjtdaheqs/public_html/wp-content/themes/twentyten-child/functions.php:546
Stack trace:
#0 /home/427082.cloudwaysapps.com/kmjtdaheqs/public_html/wp-content/themes/twentyten-child/functions.php(532): woocommerce_get_product_thumbnail()
#1 /home/427082.cloudwaysapps.com/kmjtdaheqs/public_html/wp-includes/class-wp-hook.php(287): woocommerce_template_loop_product_thumbnail('')
#2 /home/427082.cloudwaysapps.com/kmjtdaheqs/public_html/wp-includes/class-wp-hook.php(311): WP_Hook->apply_filters(NULL, Array)
#3 /home/427082.cloudwaysapps.com/kmjtdaheqs/public_html/wp-includes/plugin.php(478): WP_Hook->do_action(Array)
#4 /home/427082.cloudwaysapps.com/kmjtdaheqs/public_html/wp-content/themes/twentyten-child/woocommerce/content-product.php(44): do_action('woocommerce_bef...')
#5 /home/427082.cloudwaysapps.com/kmjtdaheqs/public_html/wp-includes/template.php(725): require('/home/427082.cl...')
#6 /home/427082.cloudway in /home/427082.cloudwaysapps.com/kmjtdaheqs/public_html/wp-content/themes/twentyten-child/functions.php on line 546

2020-06-24T14:23:56+00:00 CRITICAL Uncaught Error: Call to undefined method WooCommerce::get_image_size() in /home/427082.cloudwaysapps.com/kmjtdaheqs/public_html/wp-content/themes/twentyten-child/functions.php:546
Stack trace:
#0 /home/427082.cloudwaysapps.com/kmjtdaheqs/public_html/wp-content/themes/twentyten-child/functions.php(532): woocommerce_get_product_thumbnail()
#1 /home/427082.cloudwaysapps.com/kmjtdaheqs/public_html/wp-includes/class-wp-hook.php(287): woocommerce_template_loop_product_thumbnail('')
#2 /home/427082.cloudwaysapps.com/kmjtdaheqs/public_html/wp-includes/class-wp-hook.php(311): WP_Hook->apply_filters(NULL, Array)
#3 /home/427082.cloudwaysapps.com/kmjtdaheqs/public_html/wp-includes/plugin.php(478): WP_Hook->do_action(Array)
#4 /home/427082.cloudwaysapps.com/kmjtdaheqs/public_html/wp-content/themes/twentyten-child/woocommerce/content-product.php(44): do_action('woocommerce_bef...')
#5 /home/427082.cloudwaysapps.com/kmjtdaheqs/public_html/wp-includes/template.php(725): require('/home/427082.cl...')
#6 /home/427082.cloudway in /home/427082.cloudwaysapps.com/kmjtdaheqs/public_html/wp-content/themes/twentyten-child/functions.php on line 546

2020-06-24T15:04:37+00:00 CRITICAL Uncaught Error: Call to a member function get_sku() on null in /home/427082.cloudwaysapps.com/kmjtdaheqs/public_html/wp-content/themes/twentyten-child/functions.php:565
Stack trace:
#0 /home/427082.cloudwaysapps.com/kmjtdaheqs/public_html/wp-includes/class-wp-hook.php(287): so_43922864_add_content('')
#1 /home/427082.cloudwaysapps.com/kmjtdaheqs/public_html/wp-includes/class-wp-hook.php(311): WP_Hook->apply_filters('', Array)
#2 /home/427082.cloudwaysapps.com/kmjtdaheqs/public_html/wp-includes/plugin.php(478): WP_Hook->do_action(Array)
#3 /home/427082.cloudwaysapps.com/kmjtdaheqs/public_html/wp-content/themes/twentyten-child/woocommerce/single-product/add-to-cart/variable.php(29): do_action('woocommerce_bef...')
#4 /home/427082.cloudwaysapps.com/kmjtdaheqs/public_html/wp-content/plugins/woocommerce/includes/wc-core-functions.php(251): include('/home/427082.cl...')
#5 /home/427082.cloudwaysapps.com/kmjtdaheqs/public_html/wp-content/plugins/woocommerce/includes/wc-template-functions.php(1630): wc_get_template(' in /home/427082.cloudwaysapps.com/kmjtdaheqs/public_html/wp-content/themes/twentyten-child/functions.php on line 565

2020-06-24T15:07:57+00:00 CRITICAL syntax error, unexpected ':', expecting ',' or ';' in /home/427082.cloudwaysapps.com/kmjtdaheqs/public_html/wp-content/themes/twentyten-child/functions.php on line 568

2020-06-24T15:07:57+00:00 CRITICAL syntax error, unexpected ':', expecting ',' or ';' in /home/427082.cloudwaysapps.com/kmjtdaheqs/public_html/wp-content/themes/twentyten-child/functions.php on line 568

2020-06-24T15:08:00+00:00 CRITICAL syntax error, unexpected ':', expecting ',' or ';' in /home/427082.cloudwaysapps.com/kmjtdaheqs/public_html/wp-content/themes/twentyten-child/functions.php on line 568

2020-06-24T15:08:01+00:00 CRITICAL syntax error, unexpected ':', expecting ',' or ';' in /home/427082.cloudwaysapps.com/kmjtdaheqs/public_html/wp-content/themes/twentyten-child/functions.php on line 568

2020-06-24T15:08:04+00:00 CRITICAL syntax error, unexpected ':', expecting ',' or ';' in /home/427082.cloudwaysapps.com/kmjtdaheqs/public_html/wp-content/themes/twentyten-child/functions.php on line 568

2020-06-24T15:08:04+00:00 CRITICAL syntax error, unexpected ':', expecting ',' or ';' in /home/427082.cloudwaysapps.com/kmjtdaheqs/public_html/wp-content/themes/twentyten-child/functions.php on line 568

2020-06-24T15:08:06+00:00 CRITICAL syntax error, unexpected ':', expecting ',' or ';' in /home/427082.cloudwaysapps.com/kmjtdaheqs/public_html/wp-content/themes/twentyten-child/functions.php on line 568

2020-06-24T15:08:08+00:00 CRITICAL syntax error, unexpected ':', expecting ',' or ';' in /home/427082.cloudwaysapps.com/kmjtdaheqs/public_html/wp-content/themes/twentyten-child/functions.php on line 568

2020-06-24T15:08:09+00:00 CRITICAL syntax error, unexpected ':', expecting ',' or ';' in /home/427082.cloudwaysapps.com/kmjtdaheqs/public_html/wp-content/themes/twentyten-child/functions.php on line 568

2020-06-24T15:08:10+00:00 CRITICAL syntax error, unexpected ':', expecting ',' or ';' in /home/427082.cloudwaysapps.com/kmjtdaheqs/public_html/wp-content/themes/twentyten-child/functions.php on line 568

2020-06-24T15:08:17+00:00 CRITICAL syntax error, unexpected ':', expecting ',' or ';' in /home/427082.cloudwaysapps.com/kmjtdaheqs/public_html/wp-content/themes/twentyten-child/functions.php on line 568

2020-06-24T15:08:18+00:00 CRITICAL syntax error, unexpected ':', expecting ',' or ';' in /home/427082.cloudwaysapps.com/kmjtdaheqs/public_html/wp-content/themes/twentyten-child/functions.php on line 568

2020-06-24T15:08:24+00:00 CRITICAL syntax error, unexpected ':', expecting ',' or ';' in /home/427082.cloudwaysapps.com/kmjtdaheqs/public_html/wp-content/themes/twentyten-child/functions.php on line 568

2020-06-24T15:08:25+00:00 CRITICAL syntax error, unexpected ':', expecting ',' or ';' in /home/427082.cloudwaysapps.com/kmjtdaheqs/public_html/wp-content/themes/twentyten-child/functions.php on line 568

2020-06-24T15:08:28+00:00 CRITICAL syntax error, unexpected ':', expecting ',' or ';' in /home/427082.cloudwaysapps.com/kmjtdaheqs/public_html/wp-content/themes/twentyten-child/functions.php on line 568

2020-06-24T15:08:29+00:00 CRITICAL syntax error, unexpected ':', expecting ',' or ';' in /home/427082.cloudwaysapps.com/kmjtdaheqs/public_html/wp-content/themes/twentyten-child/functions.php on line 568

2020-06-24T15:16:36+00:00 CRITICAL Uncaught Error: Call to undefined method WC_Product_Simple::get_variation_attributes() in /home/427082.cloudwaysapps.com/kmjtdaheqs/public_html/wp-content/plugins/woocommerce-ajax-filters/addons/additional_tables/add_table.php:157
Stack trace:
#0 /home/427082.cloudwaysapps.com/kmjtdaheqs/public_html/wp-includes/class-wp-hook.php(289): BeRocket_aapf_variations_tables->variation_object_save(Object(WC_Product_Variation))
#1 /home/427082.cloudwaysapps.com/kmjtdaheqs/public_html/wp-includes/class-wp-hook.php(311): WP_Hook->apply_filters('', Array)
#2 /home/427082.cloudwaysapps.com/kmjtdaheqs/public_html/wp-includes/plugin.php(478): WP_Hook->do_action(Array)
#3 /home/427082.cloudwaysapps.com/kmjtdaheqs/public_html/wp-content/plugins/woocommerce/includes/abstracts/abstract-wc-product.php(1391): do_action('woocommerce_aft...', Object(WC_Product_Variation), Object(WC_Data_Store))
#4 /home/427082.cloudwaysapps.com/kmjtdaheqs/public_html/wp-content/plugins/woocommerce/includes/class-wc-ajax.php(716): WC_Product->save()
 in /home/427082.cloudwaysapps.com/kmjtdaheqs/public_html/wp-content/plugins/woocommerce-ajax-filters/addons/additional_tables/add_table.php on line 157

2020-06-24T15:17:31+00:00 CRITICAL Uncaught Error: Call to undefined method WC_Product_Simple::get_variation_attributes() in /home/427082.cloudwaysapps.com/kmjtdaheqs/public_html/wp-content/plugins/woocommerce-ajax-filters/addons/additional_tables/add_table.php:157
Stack trace:
#0 /home/427082.cloudwaysapps.com/kmjtdaheqs/public_html/wp-includes/class-wp-hook.php(289): BeRocket_aapf_variations_tables->variation_object_save(Object(WC_Product_Variation))
#1 /home/427082.cloudwaysapps.com/kmjtdaheqs/public_html/wp-includes/class-wp-hook.php(311): WP_Hook->apply_filters('', Array)
#2 /home/427082.cloudwaysapps.com/kmjtdaheqs/public_html/wp-includes/plugin.php(478): WP_Hook->do_action(Array)
#3 /home/427082.cloudwaysapps.com/kmjtdaheqs/public_html/wp-content/plugins/woocommerce/includes/abstracts/abstract-wc-product.php(1391): do_action('woocommerce_aft...', Object(WC_Product_Variation), Object(WC_Data_Store))
#4 /home/427082.cloudwaysapps.com/kmjtdaheqs/public_html/wp-content/plugins/woocommerce/includes/admin/meta-boxes/class-wc-meta-box-product- in /home/427082.cloudwaysapps.com/kmjtdaheqs/public_html/wp-content/plugins/woocommerce-ajax-filters/addons/additional_tables/add_table.php on line 157

2020-06-24T15:17:38+00:00 CRITICAL Uncaught Error: Call to undefined method WC_Product_Simple::get_variation_attributes() in /home/427082.cloudwaysapps.com/kmjtdaheqs/public_html/wp-content/plugins/woocommerce-ajax-filters/addons/additional_tables/add_table.php:157
Stack trace:
#0 /home/427082.cloudwaysapps.com/kmjtdaheqs/public_html/wp-includes/class-wp-hook.php(289): BeRocket_aapf_variations_tables->variation_object_save(Object(WC_Product_Variation))
#1 /home/427082.cloudwaysapps.com/kmjtdaheqs/public_html/wp-includes/class-wp-hook.php(311): WP_Hook->apply_filters('', Array)
#2 /home/427082.cloudwaysapps.com/kmjtdaheqs/public_html/wp-includes/plugin.php(478): WP_Hook->do_action(Array)
#3 /home/427082.cloudwaysapps.com/kmjtdaheqs/public_html/wp-content/plugins/woocommerce/includes/abstracts/abstract-wc-product.php(1391): do_action('woocommerce_aft...', Object(WC_Product_Variation), Object(WC_Data_Store))
#4 /home/427082.cloudwaysapps.com/kmjtdaheqs/public_html/wp-content/plugins/woocommerce/includes/admin/meta-boxes/class-wc-meta-box-product- in /home/427082.cloudwaysapps.com/kmjtdaheqs/public_html/wp-content/plugins/woocommerce-ajax-filters/addons/additional_tables/add_table.php on line 157

2020-06-24T15:19:37+00:00 CRITICAL Uncaught Error: Call to undefined method WC_Product_Simple::get_variation_attributes() in /home/427082.cloudwaysapps.com/kmjtdaheqs/public_html/wp-content/plugins/woocommerce-ajax-filters/addons/additional_tables/add_table.php:157
Stack trace:
#0 /home/427082.cloudwaysapps.com/kmjtdaheqs/public_html/wp-includes/class-wp-hook.php(289): BeRocket_aapf_variations_tables->variation_object_save(Object(WC_Product_Variation))
#1 /home/427082.cloudwaysapps.com/kmjtdaheqs/public_html/wp-includes/class-wp-hook.php(311): WP_Hook->apply_filters('', Array)
#2 /home/427082.cloudwaysapps.com/kmjtdaheqs/public_html/wp-includes/plugin.php(478): WP_Hook->do_action(Array)
#3 /home/427082.cloudwaysapps.com/kmjtdaheqs/public_html/wp-content/plugins/woocommerce/includes/abstracts/abstract-wc-product.php(1391): do_action('woocommerce_aft...', Object(WC_Product_Variation), Object(WC_Data_Store))
#4 /home/427082.cloudwaysapps.com/kmjtdaheqs/public_html/wp-content/plugins/woocommerce/includes/admin/meta-boxes/class-wc-meta-box-product- in /home/427082.cloudwaysapps.com/kmjtdaheqs/public_html/wp-content/plugins/woocommerce-ajax-filters/addons/additional_tables/add_table.php on line 157

2020-06-24T15:19:41+00:00 CRITICAL Uncaught Error: Call to undefined method WC_Product_Simple::get_variation_attributes() in /home/427082.cloudwaysapps.com/kmjtdaheqs/public_html/wp-content/plugins/woocommerce-ajax-filters/addons/additional_tables/add_table.php:157
Stack trace:
#0 /home/427082.cloudwaysapps.com/kmjtdaheqs/public_html/wp-includes/class-wp-hook.php(289): BeRocket_aapf_variations_tables->variation_object_save(Object(WC_Product_Variation))
#1 /home/427082.cloudwaysapps.com/kmjtdaheqs/public_html/wp-includes/class-wp-hook.php(311): WP_Hook->apply_filters('', Array)
#2 /home/427082.cloudwaysapps.com/kmjtdaheqs/public_html/wp-includes/plugin.php(478): WP_Hook->do_action(Array)
#3 /home/427082.cloudwaysapps.com/kmjtdaheqs/public_html/wp-content/plugins/woocommerce/includes/abstracts/abstract-wc-product.php(1391): do_action('woocommerce_aft...', Object(WC_Product_Variation), Object(WC_Data_Store))
#4 /home/427082.cloudwaysapps.com/kmjtdaheqs/public_html/wp-content/plugins/woocommerce/includes/admin/meta-boxes/class-wc-meta-box-product- in /home/427082.cloudwaysapps.com/kmjtdaheqs/public_html/wp-content/plugins/woocommerce-ajax-filters/addons/additional_tables/add_table.php on line 157

2020-06-24T17:11:49+00:00 CRITICAL syntax error, unexpected '}', expecting ',' or ';' in /home/427082.cloudwaysapps.com/kmjtdaheqs/public_html/wp-content/themes/twentyten-child/functions.php on line 600

2020-06-24T17:12:08+00:00 CRITICAL syntax error, unexpected '}', expecting ',' or ';' in /home/427082.cloudwaysapps.com/kmjtdaheqs/public_html/wp-content/themes/twentyten-child/functions.php on line 600

2020-06-24T17:25:47+00:00 CRITICAL Uncaught Error: [] operator not supported for strings in /home/427082.cloudwaysapps.com/kmjtdaheqs/public_html/wp-content/themes/twentyten-child/functions.php:591
Stack trace:
#0 /home/427082.cloudwaysapps.com/kmjtdaheqs/public_html/wp-includes/class-wp-hook.php(287): wc_ninja_add_brand_to_product_page('')
#1 /home/427082.cloudwaysapps.com/kmjtdaheqs/public_html/wp-includes/class-wp-hook.php(311): WP_Hook->apply_filters(NULL, Array)
#2 /home/427082.cloudwaysapps.com/kmjtdaheqs/public_html/wp-includes/plugin.php(478): WP_Hook->do_action(Array)
#3 /home/427082.cloudwaysapps.com/kmjtdaheqs/public_html/wp-content/themes/twentyten-child/woocommerce/content-single-product.php(60): do_action('woocommerce_sin...')
#4 /home/427082.cloudwaysapps.com/kmjtdaheqs/public_html/wp-includes/template.php(725): require('/home/427082.cl...')
#5 /home/427082.cloudwaysapps.com/kmjtdaheqs/public_html/wp-content/plugins/woocommerce/includes/wc-core-functions.php(197): load_template('/home/427082.cl...', false)
#6 /home/427082.cloudw in /home/427082.cloudwaysapps.com/kmjtdaheqs/public_html/wp-content/themes/twentyten-child/functions.php on line 591

2020-06-24T17:26:07+00:00 CRITICAL Uncaught Error: [] operator not supported for strings in /home/427082.cloudwaysapps.com/kmjtdaheqs/public_html/wp-content/themes/twentyten-child/functions.php:591
Stack trace:
#0 /home/427082.cloudwaysapps.com/kmjtdaheqs/public_html/wp-includes/class-wp-hook.php(287): wc_ninja_add_brand_to_product_page('')
#1 /home/427082.cloudwaysapps.com/kmjtdaheqs/public_html/wp-includes/class-wp-hook.php(311): WP_Hook->apply_filters(NULL, Array)
#2 /home/427082.cloudwaysapps.com/kmjtdaheqs/public_html/wp-includes/plugin.php(478): WP_Hook->do_action(Array)
#3 /home/427082.cloudwaysapps.com/kmjtdaheqs/public_html/wp-content/themes/twentyten-child/woocommerce/content-single-product.php(60): do_action('woocommerce_sin...')
#4 /home/427082.cloudwaysapps.com/kmjtdaheqs/public_html/wp-includes/template.php(725): require('/home/427082.cl...')
#5 /home/427082.cloudwaysapps.com/kmjtdaheqs/public_html/wp-content/plugins/woocommerce/includes/wc-core-functions.php(197): load_template('/home/427082.cl...', false)
#6 /home/427082.cloudw in /home/427082.cloudwaysapps.com/kmjtdaheqs/public_html/wp-content/themes/twentyten-child/functions.php on line 591

2020-06-24T17:28:45+00:00 CRITICAL syntax error, unexpected 'echo' (T_ECHO), expecting ',' or ';' in /home/427082.cloudwaysapps.com/kmjtdaheqs/public_html/wp-content/themes/twentyten-child/functions.php on line 595

2020-06-24T17:30:43+00:00 CRITICAL syntax error, unexpected '}', expecting ',' or ';' in /home/427082.cloudwaysapps.com/kmjtdaheqs/public_html/wp-content/themes/twentyten-child/functions.php on line 596

2020-06-24T17:30:44+00:00 CRITICAL syntax error, unexpected '}', expecting ',' or ';' in /home/427082.cloudwaysapps.com/kmjtdaheqs/public_html/wp-content/themes/twentyten-child/functions.php on line 596

2020-06-24T17:30:54+00:00 CRITICAL syntax error, unexpected '}', expecting ',' or ';' in /home/427082.cloudwaysapps.com/kmjtdaheqs/public_html/wp-content/themes/twentyten-child/functions.php on line 596

2020-06-24T17:30:55+00:00 CRITICAL syntax error, unexpected '}', expecting ',' or ';' in /home/427082.cloudwaysapps.com/kmjtdaheqs/public_html/wp-content/themes/twentyten-child/functions.php on line 596

2020-06-24T18:22:31+00:00 CRITICAL syntax error, unexpected '}', expecting end of file in /home/427082.cloudwaysapps.com/kmjtdaheqs/public_html/wp-content/themes/twentyten-child/functions.php on line 596

2020-06-24T18:22:31+00:00 CRITICAL syntax error, unexpected '}', expecting end of file in /home/427082.cloudwaysapps.com/kmjtdaheqs/public_html/wp-content/themes/twentyten-child/functions.php on line 596

