2020-06-19T01:18:07+00:00 CRITICAL Uncaught Error: Call to undefined function get_field() in /home/427082.cloudwaysapps.com/kmjtdaheqs/public_html/wp-content/themes/bubznmumz/woocommerce/single-product/add-to-cart/simple.php:63
Stack trace:
#0 /home/427082.cloudwaysapps.com/kmjtdaheqs/public_html/wp-content/plugins/woocommerce/includes/wc-core-functions.php(251): include()
#1 /home/427082.cloudwaysapps.com/kmjtdaheqs/public_html/wp-content/plugins/woocommerce/includes/wc-template-functions.php(1585): wc_get_template('single-product/...')
#2 /home/427082.cloudwaysapps.com/kmjtdaheqs/public_html/wp-includes/class-wp-hook.php(287): woocommerce_simple_add_to_cart('')
#3 /home/427082.cloudwaysapps.com/kmjtdaheqs/public_html/wp-includes/class-wp-hook.php(311): WP_Hook->apply_filters('', Array)
#4 /home/427082.cloudwaysapps.com/kmjtdaheqs/public_html/wp-includes/plugin.php(478): WP_Hook->do_action(Array)
#5 /home/427082.cloudwaysapps.com/kmjtdaheqs/public_html/wp-content/plugins/woocommerce/includes/wc-template-functions.php(1576): do_action('woocomm in /home/427082.cloudwaysapps.com/kmjtdaheqs/public_html/wp-content/themes/bubznmumz/woocommerce/single-product/add-to-cart/simple.php on line 63

2020-06-19T09:14:36+00:00 CRITICAL Uncaught Error: Call to undefined function get_field() in /home/427082.cloudwaysapps.com/kmjtdaheqs/public_html/wp-content/themes/bubznmumz/woocommerce/single-product/add-to-cart/simple.php:63
Stack trace:
#0 /home/427082.cloudwaysapps.com/kmjtdaheqs/public_html/wp-content/plugins/woocommerce/includes/wc-core-functions.php(251): include()
#1 /home/427082.cloudwaysapps.com/kmjtdaheqs/public_html/wp-content/plugins/woocommerce/includes/wc-template-functions.php(1585): wc_get_template('single-product/...')
#2 /home/427082.cloudwaysapps.com/kmjtdaheqs/public_html/wp-includes/class-wp-hook.php(287): woocommerce_simple_add_to_cart('')
#3 /home/427082.cloudwaysapps.com/kmjtdaheqs/public_html/wp-includes/class-wp-hook.php(311): WP_Hook->apply_filters('', Array)
#4 /home/427082.cloudwaysapps.com/kmjtdaheqs/public_html/wp-includes/plugin.php(478): WP_Hook->do_action(Array)
#5 /home/427082.cloudwaysapps.com/kmjtdaheqs/public_html/wp-content/plugins/woocommerce/includes/wc-template-functions.php(1576): do_action('woocomm in /home/427082.cloudwaysapps.com/kmjtdaheqs/public_html/wp-content/themes/bubznmumz/woocommerce/single-product/add-to-cart/simple.php on line 63

2020-06-19T09:15:03+00:00 CRITICAL Uncaught Error: Call to undefined function get_field() in /home/427082.cloudwaysapps.com/kmjtdaheqs/public_html/wp-content/themes/bubznmumz/woocommerce/single-product/add-to-cart/simple.php:63
Stack trace:
#0 /home/427082.cloudwaysapps.com/kmjtdaheqs/public_html/wp-content/plugins/woocommerce/includes/wc-core-functions.php(251): include()
#1 /home/427082.cloudwaysapps.com/kmjtdaheqs/public_html/wp-content/plugins/woocommerce/includes/wc-template-functions.php(1585): wc_get_template('single-product/...')
#2 /home/427082.cloudwaysapps.com/kmjtdaheqs/public_html/wp-includes/class-wp-hook.php(287): woocommerce_simple_add_to_cart('')
#3 /home/427082.cloudwaysapps.com/kmjtdaheqs/public_html/wp-includes/class-wp-hook.php(311): WP_Hook->apply_filters('', Array)
#4 /home/427082.cloudwaysapps.com/kmjtdaheqs/public_html/wp-includes/plugin.php(478): WP_Hook->do_action(Array)
#5 /home/427082.cloudwaysapps.com/kmjtdaheqs/public_html/wp-content/plugins/woocommerce/includes/wc-template-functions.php(1576): do_action('woocomm in /home/427082.cloudwaysapps.com/kmjtdaheqs/public_html/wp-content/themes/bubznmumz/woocommerce/single-product/add-to-cart/simple.php on line 63

2020-06-19T09:15:31+00:00 CRITICAL Uncaught Error: Call to undefined function get_field() in /home/427082.cloudwaysapps.com/kmjtdaheqs/public_html/wp-content/themes/bubznmumz/woocommerce/single-product/add-to-cart/simple.php:63
Stack trace:
#0 /home/427082.cloudwaysapps.com/kmjtdaheqs/public_html/wp-content/plugins/woocommerce/includes/wc-core-functions.php(251): include()
#1 /home/427082.cloudwaysapps.com/kmjtdaheqs/public_html/wp-content/plugins/woocommerce/includes/wc-template-functions.php(1585): wc_get_template('single-product/...')
#2 /home/427082.cloudwaysapps.com/kmjtdaheqs/public_html/wp-includes/class-wp-hook.php(287): woocommerce_simple_add_to_cart('')
#3 /home/427082.cloudwaysapps.com/kmjtdaheqs/public_html/wp-includes/class-wp-hook.php(311): WP_Hook->apply_filters('', Array)
#4 /home/427082.cloudwaysapps.com/kmjtdaheqs/public_html/wp-includes/plugin.php(478): WP_Hook->do_action(Array)
#5 /home/427082.cloudwaysapps.com/kmjtdaheqs/public_html/wp-content/plugins/woocommerce/includes/wc-template-functions.php(1576): do_action('woocomm in /home/427082.cloudwaysapps.com/kmjtdaheqs/public_html/wp-content/themes/bubznmumz/woocommerce/single-product/add-to-cart/simple.php on line 63

2020-06-19T09:15:52+00:00 CRITICAL Uncaught Error: Call to undefined function get_field() in /home/427082.cloudwaysapps.com/kmjtdaheqs/public_html/wp-content/themes/bubznmumz/woocommerce/single-product/add-to-cart/simple.php:63
Stack trace:
#0 /home/427082.cloudwaysapps.com/kmjtdaheqs/public_html/wp-content/plugins/woocommerce/includes/wc-core-functions.php(251): include()
#1 /home/427082.cloudwaysapps.com/kmjtdaheqs/public_html/wp-content/plugins/woocommerce/includes/wc-template-functions.php(1585): wc_get_template('single-product/...')
#2 /home/427082.cloudwaysapps.com/kmjtdaheqs/public_html/wp-includes/class-wp-hook.php(287): woocommerce_simple_add_to_cart('')
#3 /home/427082.cloudwaysapps.com/kmjtdaheqs/public_html/wp-includes/class-wp-hook.php(311): WP_Hook->apply_filters('', Array)
#4 /home/427082.cloudwaysapps.com/kmjtdaheqs/public_html/wp-includes/plugin.php(478): WP_Hook->do_action(Array)
#5 /home/427082.cloudwaysapps.com/kmjtdaheqs/public_html/wp-content/plugins/woocommerce/includes/wc-template-functions.php(1576): do_action('woocomm in /home/427082.cloudwaysapps.com/kmjtdaheqs/public_html/wp-content/themes/bubznmumz/woocommerce/single-product/add-to-cart/simple.php on line 63

2020-06-19T09:20:37+00:00 CRITICAL Uncaught Error: Call to undefined function get_field() in /home/427082.cloudwaysapps.com/kmjtdaheqs/public_html/wp-content/themes/bubznmumz/woocommerce/single-product/add-to-cart/simple.php:63
Stack trace:
#0 /home/427082.cloudwaysapps.com/kmjtdaheqs/public_html/wp-content/plugins/woocommerce/includes/wc-core-functions.php(251): include()
#1 /home/427082.cloudwaysapps.com/kmjtdaheqs/public_html/wp-content/plugins/woocommerce/includes/wc-template-functions.php(1585): wc_get_template('single-product/...')
#2 /home/427082.cloudwaysapps.com/kmjtdaheqs/public_html/wp-includes/class-wp-hook.php(287): woocommerce_simple_add_to_cart('')
#3 /home/427082.cloudwaysapps.com/kmjtdaheqs/public_html/wp-includes/class-wp-hook.php(311): WP_Hook->apply_filters('', Array)
#4 /home/427082.cloudwaysapps.com/kmjtdaheqs/public_html/wp-includes/plugin.php(478): WP_Hook->do_action(Array)
#5 /home/427082.cloudwaysapps.com/kmjtdaheqs/public_html/wp-content/plugins/woocommerce/includes/wc-template-functions.php(1576): do_action('woocomm in /home/427082.cloudwaysapps.com/kmjtdaheqs/public_html/wp-content/themes/bubznmumz/woocommerce/single-product/add-to-cart/simple.php on line 63

2020-06-19T09:23:19+00:00 CRITICAL Uncaught Error: Call to undefined function get_field() in /home/427082.cloudwaysapps.com/kmjtdaheqs/public_html/wp-content/themes/bubznmumz/woocommerce/single-product/add-to-cart/simple.php:63
Stack trace:
#0 /home/427082.cloudwaysapps.com/kmjtdaheqs/public_html/wp-content/plugins/woocommerce/includes/wc-core-functions.php(251): include()
#1 /home/427082.cloudwaysapps.com/kmjtdaheqs/public_html/wp-content/plugins/woocommerce/includes/wc-template-functions.php(1585): wc_get_template('single-product/...')
#2 /home/427082.cloudwaysapps.com/kmjtdaheqs/public_html/wp-includes/class-wp-hook.php(287): woocommerce_simple_add_to_cart('')
#3 /home/427082.cloudwaysapps.com/kmjtdaheqs/public_html/wp-includes/class-wp-hook.php(311): WP_Hook->apply_filters('', Array)
#4 /home/427082.cloudwaysapps.com/kmjtdaheqs/public_html/wp-includes/plugin.php(478): WP_Hook->do_action(Array)
#5 /home/427082.cloudwaysapps.com/kmjtdaheqs/public_html/wp-content/plugins/woocommerce/includes/wc-template-functions.php(1576): do_action('woocomm in /home/427082.cloudwaysapps.com/kmjtdaheqs/public_html/wp-content/themes/bubznmumz/woocommerce/single-product/add-to-cart/simple.php on line 63

2020-06-19T11:06:24+00:00 CRITICAL Uncaught Error: Call to undefined function get_field() in /home/427082.cloudwaysapps.com/kmjtdaheqs/public_html/wp-content/themes/bubznmumz/woocommerce/single-product/add-to-cart/simple.php:63
Stack trace:
#0 /home/427082.cloudwaysapps.com/kmjtdaheqs/public_html/wp-content/plugins/woocommerce/includes/wc-core-functions.php(251): include()
#1 /home/427082.cloudwaysapps.com/kmjtdaheqs/public_html/wp-content/plugins/woocommerce/includes/wc-template-functions.php(1585): wc_get_template('single-product/...')
#2 /home/427082.cloudwaysapps.com/kmjtdaheqs/public_html/wp-includes/class-wp-hook.php(287): woocommerce_simple_add_to_cart('')
#3 /home/427082.cloudwaysapps.com/kmjtdaheqs/public_html/wp-includes/class-wp-hook.php(311): WP_Hook->apply_filters('', Array)
#4 /home/427082.cloudwaysapps.com/kmjtdaheqs/public_html/wp-includes/plugin.php(478): WP_Hook->do_action(Array)
#5 /home/427082.cloudwaysapps.com/kmjtdaheqs/public_html/wp-content/plugins/woocommerce/includes/wc-template-functions.php(1576): do_action('woocomm in /home/427082.cloudwaysapps.com/kmjtdaheqs/public_html/wp-content/themes/bubznmumz/woocommerce/single-product/add-to-cart/simple.php on line 63

2020-06-19T11:06:54+00:00 CRITICAL Uncaught Error: Call to undefined function get_field() in /home/427082.cloudwaysapps.com/kmjtdaheqs/public_html/wp-content/themes/bubznmumz/woocommerce/single-product/add-to-cart/simple.php:63
Stack trace:
#0 /home/427082.cloudwaysapps.com/kmjtdaheqs/public_html/wp-content/plugins/woocommerce/includes/wc-core-functions.php(251): include()
#1 /home/427082.cloudwaysapps.com/kmjtdaheqs/public_html/wp-content/plugins/woocommerce/includes/wc-template-functions.php(1585): wc_get_template('single-product/...')
#2 /home/427082.cloudwaysapps.com/kmjtdaheqs/public_html/wp-includes/class-wp-hook.php(287): woocommerce_simple_add_to_cart('')
#3 /home/427082.cloudwaysapps.com/kmjtdaheqs/public_html/wp-includes/class-wp-hook.php(311): WP_Hook->apply_filters('', Array)
#4 /home/427082.cloudwaysapps.com/kmjtdaheqs/public_html/wp-includes/plugin.php(478): WP_Hook->do_action(Array)
#5 /home/427082.cloudwaysapps.com/kmjtdaheqs/public_html/wp-content/plugins/woocommerce/includes/wc-template-functions.php(1576): do_action('woocomm in /home/427082.cloudwaysapps.com/kmjtdaheqs/public_html/wp-content/themes/bubznmumz/woocommerce/single-product/add-to-cart/simple.php on line 63

2020-06-19T12:53:13+00:00 CRITICAL syntax error, unexpected '<', expecting end of file in /home/427082.cloudwaysapps.com/kmjtdaheqs/public_html/wp-content/themes/bubznmumz/functions.php on line 845

2020-06-19T12:53:22+00:00 CRITICAL syntax error, unexpected '<', expecting end of file in /home/427082.cloudwaysapps.com/kmjtdaheqs/public_html/wp-content/themes/bubznmumz/functions.php on line 845

2020-06-19T12:54:21+00:00 CRITICAL syntax error, unexpected '<', expecting end of file in /home/427082.cloudwaysapps.com/kmjtdaheqs/public_html/wp-content/themes/bubznmumz/functions.php on line 845

2020-06-19T12:54:22+00:00 CRITICAL syntax error, unexpected '<', expecting end of file in /home/427082.cloudwaysapps.com/kmjtdaheqs/public_html/wp-content/themes/bubznmumz/functions.php on line 845

2020-06-19T12:54:49+00:00 CRITICAL syntax error, unexpected '<', expecting end of file in /home/427082.cloudwaysapps.com/kmjtdaheqs/public_html/wp-content/themes/bubznmumz/functions.php on line 875

2020-06-19T12:54:52+00:00 CRITICAL syntax error, unexpected '<', expecting end of file in /home/427082.cloudwaysapps.com/kmjtdaheqs/public_html/wp-content/themes/bubznmumz/functions.php on line 875

2020-06-19T13:08:27+00:00 CRITICAL Uncaught Error: Call to undefined method WC_Product_Simple::get_the_permalink() in /home/427082.cloudwaysapps.com/kmjtdaheqs/public_html/wp-content/themes/bubznmumz/header.php:118
Stack trace:
#0 /home/427082.cloudwaysapps.com/kmjtdaheqs/public_html/wp-includes/template.php(723): require_once()
#1 /home/427082.cloudwaysapps.com/kmjtdaheqs/public_html/wp-includes/template.php(672): load_template('/home/427082.cl...', true)
#2 /home/427082.cloudwaysapps.com/kmjtdaheqs/public_html/wp-includes/general-template.php(41): locate_template(Array, true)
#3 /home/427082.cloudwaysapps.com/kmjtdaheqs/public_html/wp-content/plugins/elementor/modules/page-templates/templates/header-footer.php(9): get_header()
#4 /home/427082.cloudwaysapps.com/kmjtdaheqs/public_html/wp-includes/template-loader.php(106): include('/home/427082.cl...')
#5 /home/427082.cloudwaysapps.com/kmjtdaheqs/public_html/wp-blog-header.php(19): require_once('/home/427082.cl...')
#6 /home/427082.cloudwaysapps.com/kmjtdaheqs/public_html/index.php(17): require in /home/427082.cloudwaysapps.com/kmjtdaheqs/public_html/wp-content/themes/bubznmumz/header.php on line 118

2020-06-19T13:09:40+00:00 CRITICAL Uncaught Error: Call to undefined method WC_Product_Simple::get_the_permalink() in /home/427082.cloudwaysapps.com/kmjtdaheqs/public_html/wp-content/themes/bubznmumz/header.php:118
Stack trace:
#0 /home/427082.cloudwaysapps.com/kmjtdaheqs/public_html/wp-includes/template.php(723): require_once()
#1 /home/427082.cloudwaysapps.com/kmjtdaheqs/public_html/wp-includes/template.php(672): load_template('/home/427082.cl...', true)
#2 /home/427082.cloudwaysapps.com/kmjtdaheqs/public_html/wp-includes/general-template.php(41): locate_template(Array, true)
#3 /home/427082.cloudwaysapps.com/kmjtdaheqs/public_html/wp-content/plugins/elementor/modules/page-templates/templates/header-footer.php(9): get_header()
#4 /home/427082.cloudwaysapps.com/kmjtdaheqs/public_html/wp-includes/template-loader.php(106): include('/home/427082.cl...')
#5 /home/427082.cloudwaysapps.com/kmjtdaheqs/public_html/wp-blog-header.php(19): require_once('/home/427082.cl...')
#6 /home/427082.cloudwaysapps.com/kmjtdaheqs/public_html/index.php(17): require in /home/427082.cloudwaysapps.com/kmjtdaheqs/public_html/wp-content/themes/bubznmumz/header.php on line 118

2020-06-19T13:09:51+00:00 CRITICAL Uncaught Error: Call to undefined method WC_Product_Simple::get_the_permalink() in /home/427082.cloudwaysapps.com/kmjtdaheqs/public_html/wp-content/themes/bubznmumz/header.php:118
Stack trace:
#0 /home/427082.cloudwaysapps.com/kmjtdaheqs/public_html/wp-includes/template.php(723): require_once()
#1 /home/427082.cloudwaysapps.com/kmjtdaheqs/public_html/wp-includes/template.php(672): load_template('/home/427082.cl...', true)
#2 /home/427082.cloudwaysapps.com/kmjtdaheqs/public_html/wp-includes/general-template.php(41): locate_template(Array, true)
#3 /home/427082.cloudwaysapps.com/kmjtdaheqs/public_html/wp-content/themes/bubznmumz/page.php(15): get_header()
#4 /home/427082.cloudwaysapps.com/kmjtdaheqs/public_html/wp-includes/template-loader.php(106): include('/home/427082.cl...')
#5 /home/427082.cloudwaysapps.com/kmjtdaheqs/public_html/wp-blog-header.php(19): require_once('/home/427082.cl...')
#6 /home/427082.cloudwaysapps.com/kmjtdaheqs/public_html/index.php(17): require('/home/427082.cl...')
#7 {main}
  thrown in /home/427082.cloudwaysapps.com/kmjtdaheqs/public_html/wp-content/themes/bubznmumz/header.php on line 118

2020-06-19T13:09:56+00:00 CRITICAL Uncaught Error: Call to undefined method WC_Product_Simple::get_the_permalink() in /home/427082.cloudwaysapps.com/kmjtdaheqs/public_html/wp-content/themes/bubznmumz/header.php:118
Stack trace:
#0 /home/427082.cloudwaysapps.com/kmjtdaheqs/public_html/wp-includes/template.php(723): require_once()
#1 /home/427082.cloudwaysapps.com/kmjtdaheqs/public_html/wp-includes/template.php(672): load_template('/home/427082.cl...', true)
#2 /home/427082.cloudwaysapps.com/kmjtdaheqs/public_html/wp-includes/general-template.php(41): locate_template(Array, true)
#3 /home/427082.cloudwaysapps.com/kmjtdaheqs/public_html/wp-content/plugins/elementor/modules/page-templates/templates/header-footer.php(9): get_header()
#4 /home/427082.cloudwaysapps.com/kmjtdaheqs/public_html/wp-includes/template-loader.php(106): include('/home/427082.cl...')
#5 /home/427082.cloudwaysapps.com/kmjtdaheqs/public_html/wp-blog-header.php(19): require_once('/home/427082.cl...')
#6 /home/427082.cloudwaysapps.com/kmjtdaheqs/public_html/index.php(17): require in /home/427082.cloudwaysapps.com/kmjtdaheqs/public_html/wp-content/themes/bubznmumz/header.php on line 118

2020-06-19T13:11:09+00:00 CRITICAL Uncaught Error: Call to undefined method WC_Product_Simple::get_the_post_thumbnail_url() in /home/427082.cloudwaysapps.com/kmjtdaheqs/public_html/wp-content/themes/bubznmumz/header.php:118
Stack trace:
#0 /home/427082.cloudwaysapps.com/kmjtdaheqs/public_html/wp-includes/template.php(723): require_once()
#1 /home/427082.cloudwaysapps.com/kmjtdaheqs/public_html/wp-includes/template.php(672): load_template('/home/427082.cl...', true)
#2 /home/427082.cloudwaysapps.com/kmjtdaheqs/public_html/wp-includes/general-template.php(41): locate_template(Array, true)
#3 /home/427082.cloudwaysapps.com/kmjtdaheqs/public_html/wp-content/plugins/elementor/modules/page-templates/templates/header-footer.php(9): get_header()
#4 /home/427082.cloudwaysapps.com/kmjtdaheqs/public_html/wp-includes/template-loader.php(106): include('/home/427082.cl...')
#5 /home/427082.cloudwaysapps.com/kmjtdaheqs/public_html/wp-blog-header.php(19): require_once('/home/427082.cl...')
#6 /home/427082.cloudwaysapps.com/kmjtdaheqs/public_html/index.php(17) in /home/427082.cloudwaysapps.com/kmjtdaheqs/public_html/wp-content/themes/bubznmumz/header.php on line 118

2020-06-19T13:11:10+00:00 CRITICAL Uncaught Error: Call to undefined method WC_Product_Simple::get_the_post_thumbnail_url() in /home/427082.cloudwaysapps.com/kmjtdaheqs/public_html/wp-content/themes/bubznmumz/header.php:118
Stack trace:
#0 /home/427082.cloudwaysapps.com/kmjtdaheqs/public_html/wp-includes/template.php(723): require_once()
#1 /home/427082.cloudwaysapps.com/kmjtdaheqs/public_html/wp-includes/template.php(672): load_template('/home/427082.cl...', true)
#2 /home/427082.cloudwaysapps.com/kmjtdaheqs/public_html/wp-includes/general-template.php(41): locate_template(Array, true)
#3 /home/427082.cloudwaysapps.com/kmjtdaheqs/public_html/wp-content/themes/bubznmumz/404.php(10): get_header()
#4 /home/427082.cloudwaysapps.com/kmjtdaheqs/public_html/wp-includes/template-loader.php(106): include('/home/427082.cl...')
#5 /home/427082.cloudwaysapps.com/kmjtdaheqs/public_html/wp-blog-header.php(19): require_once('/home/427082.cl...')
#6 /home/427082.cloudwaysapps.com/kmjtdaheqs/public_html/index.php(17): require('/home/427082.cl...')
#7 {main}
  in /home/427082.cloudwaysapps.com/kmjtdaheqs/public_html/wp-content/themes/bubznmumz/header.php on line 118

2020-06-19T13:11:53+00:00 CRITICAL Uncaught Error: Call to undefined method WC_Product_Simple::get_the_permalink() in /home/427082.cloudwaysapps.com/kmjtdaheqs/public_html/wp-content/themes/bubznmumz/header.php:118
Stack trace:
#0 /home/427082.cloudwaysapps.com/kmjtdaheqs/public_html/wp-includes/template.php(723): require_once()
#1 /home/427082.cloudwaysapps.com/kmjtdaheqs/public_html/wp-includes/template.php(672): load_template('/home/427082.cl...', true)
#2 /home/427082.cloudwaysapps.com/kmjtdaheqs/public_html/wp-includes/general-template.php(41): locate_template(Array, true)
#3 /home/427082.cloudwaysapps.com/kmjtdaheqs/public_html/wp-content/plugins/elementor/modules/page-templates/templates/header-footer.php(9): get_header()
#4 /home/427082.cloudwaysapps.com/kmjtdaheqs/public_html/wp-includes/template-loader.php(106): include('/home/427082.cl...')
#5 /home/427082.cloudwaysapps.com/kmjtdaheqs/public_html/wp-blog-header.php(19): require_once('/home/427082.cl...')
#6 /home/427082.cloudwaysapps.com/kmjtdaheqs/public_html/index.php(17): require in /home/427082.cloudwaysapps.com/kmjtdaheqs/public_html/wp-content/themes/bubznmumz/header.php on line 118

2020-06-19T13:15:26+00:00 CRITICAL Uncaught Error: Call to undefined method WC_Product_Simple::get_the_permalink() in /home/427082.cloudwaysapps.com/kmjtdaheqs/public_html/wp-content/themes/bubznmumz/header.php:119
Stack trace:
#0 /home/427082.cloudwaysapps.com/kmjtdaheqs/public_html/wp-includes/template.php(723): require_once()
#1 /home/427082.cloudwaysapps.com/kmjtdaheqs/public_html/wp-includes/template.php(672): load_template('/home/427082.cl...', true)
#2 /home/427082.cloudwaysapps.com/kmjtdaheqs/public_html/wp-includes/general-template.php(41): locate_template(Array, true)
#3 /home/427082.cloudwaysapps.com/kmjtdaheqs/public_html/wp-content/themes/bubznmumz/page.php(15): get_header()
#4 /home/427082.cloudwaysapps.com/kmjtdaheqs/public_html/wp-includes/template-loader.php(106): include('/home/427082.cl...')
#5 /home/427082.cloudwaysapps.com/kmjtdaheqs/public_html/wp-blog-header.php(19): require_once('/home/427082.cl...')
#6 /home/427082.cloudwaysapps.com/kmjtdaheqs/public_html/index.php(17): require('/home/427082.cl...')
#7 {main}
  thrown in /home/427082.cloudwaysapps.com/kmjtdaheqs/public_html/wp-content/themes/bubznmumz/header.php on line 119

