2020-06-23T06:49:20+00:00 CRITICAL syntax error, unexpected 'echo' (T_ECHO) in /home/427082.cloudwaysapps.com/kmjtdaheqs/public_html/wp-content/themes/twentyten-child/functions.php on line 422

2020-06-23T06:49:23+00:00 CRITICAL syntax error, unexpected 'echo' (T_ECHO) in /home/427082.cloudwaysapps.com/kmjtdaheqs/public_html/wp-content/themes/twentyten-child/functions.php on line 422

2020-06-23T06:49:23+00:00 CRITICAL syntax error, unexpected 'echo' (T_ECHO) in /home/427082.cloudwaysapps.com/kmjtdaheqs/public_html/wp-content/themes/twentyten-child/functions.php on line 422

2020-06-23T06:49:24+00:00 CRITICAL syntax error, unexpected 'echo' (T_ECHO) in /home/427082.cloudwaysapps.com/kmjtdaheqs/public_html/wp-content/themes/twentyten-child/functions.php on line 422

2020-06-23T12:13:42+00:00 CRITICAL syntax error, unexpected '$shipprcwdcur' (T_VARIABLE), expecting ',' or ';' in /home/427082.cloudwaysapps.com/kmjtdaheqs/public_html/wp-content/themes/twentyten-child/header.php on line 147

2020-06-23T12:13:43+00:00 CRITICAL syntax error, unexpected '$shipprcwdcur' (T_VARIABLE), expecting ',' or ';' in /home/427082.cloudwaysapps.com/kmjtdaheqs/public_html/wp-content/themes/twentyten-child/header.php on line 147

2020-06-23T12:14:06+00:00 CRITICAL syntax error, unexpected '$shipprcwdcur' (T_VARIABLE), expecting ',' or ';' in /home/427082.cloudwaysapps.com/kmjtdaheqs/public_html/wp-content/themes/twentyten-child/header.php on line 147

2020-06-23T12:43:45+00:00 CRITICAL syntax error, unexpected '?>' in /home/427082.cloudwaysapps.com/kmjtdaheqs/public_html/wp-content/themes/twentyten-child/header.php on line 149

2020-06-23T12:43:46+00:00 CRITICAL syntax error, unexpected '?>' in /home/427082.cloudwaysapps.com/kmjtdaheqs/public_html/wp-content/themes/twentyten-child/header.php on line 149

2020-06-23T12:44:13+00:00 CRITICAL syntax error, unexpected '?>' in /home/427082.cloudwaysapps.com/kmjtdaheqs/public_html/wp-content/themes/twentyten-child/header.php on line 149

2020-06-23T13:46:36+00:00 CRITICAL Uncaught Error: Call to undefined function woo_pagination() in /home/427082.cloudwaysapps.com/kmjtdaheqs/public_html/wp-content/themes/twentyten-child/archive-product.php:124
Stack trace:
#0 /home/427082.cloudwaysapps.com/kmjtdaheqs/public_html/wp-includes/template-loader.php(106): include()
#1 /home/427082.cloudwaysapps.com/kmjtdaheqs/public_html/wp-blog-header.php(19): require_once('/home/427082.cl...')
#2 /home/427082.cloudwaysapps.com/kmjtdaheqs/public_html/index.php(17): require('/home/427082.cl...')
#3 {main}
  thrown in /home/427082.cloudwaysapps.com/kmjtdaheqs/public_html/wp-content/themes/twentyten-child/archive-product.php on line 124

2020-06-23T14:42:15+00:00 CRITICAL Uncaught Error: Cannot use object of type WP_Term as array in /home/427082.cloudwaysapps.com/kmjtdaheqs/public_html/wp-content/themes/twentyten-child/functions.php:235
Stack trace:
#0 /home/427082.cloudwaysapps.com/kmjtdaheqs/public_html/wp-includes/shortcodes.php(343): featured_item_section_on_home_page('', '', 'featured_item_s...')
#1 [internal function]: do_shortcode_tag(Array)
#2 /home/427082.cloudwaysapps.com/kmjtdaheqs/public_html/wp-includes/shortcodes.php(218): preg_replace_callback('/\\[(\\[?)(featur...', 'do_shortcode_ta...', '[featured_item_...')
#3 /home/427082.cloudwaysapps.com/kmjtdaheqs/public_html/wp-content/plugins/elementor/includes/widgets/shortcode.php(130): do_shortcode('[featured_item_...')
#4 /home/427082.cloudwaysapps.com/kmjtdaheqs/public_html/wp-content/plugins/elementor/includes/base/widget-base.php(531): Elementor\Widget_Shortcode->render()
#5 /home/427082.cloudwaysapps.com/kmjtdaheqs/public_html/wp-content/plugins/elementor/includes/base/widget-base.php(661): Elementor\Widget_Base in /home/427082.cloudwaysapps.com/kmjtdaheqs/public_html/wp-content/themes/twentyten-child/functions.php on line 235

2020-06-23T14:43:00+00:00 CRITICAL Uncaught Error: Cannot use object of type WP_Term as array in /home/427082.cloudwaysapps.com/kmjtdaheqs/public_html/wp-content/themes/twentyten-child/functions.php:235
Stack trace:
#0 /home/427082.cloudwaysapps.com/kmjtdaheqs/public_html/wp-includes/shortcodes.php(343): featured_item_section_on_home_page('', '', 'featured_item_s...')
#1 [internal function]: do_shortcode_tag(Array)
#2 /home/427082.cloudwaysapps.com/kmjtdaheqs/public_html/wp-includes/shortcodes.php(218): preg_replace_callback('/\\[(\\[?)(featur...', 'do_shortcode_ta...', '[featured_item_...')
#3 /home/427082.cloudwaysapps.com/kmjtdaheqs/public_html/wp-content/plugins/elementor/includes/widgets/shortcode.php(130): do_shortcode('[featured_item_...')
#4 /home/427082.cloudwaysapps.com/kmjtdaheqs/public_html/wp-content/plugins/elementor/includes/base/widget-base.php(531): Elementor\Widget_Shortcode->render()
#5 /home/427082.cloudwaysapps.com/kmjtdaheqs/public_html/wp-content/plugins/elementor/includes/base/widget-base.php(661): Elementor\Widget_Base in /home/427082.cloudwaysapps.com/kmjtdaheqs/public_html/wp-content/themes/twentyten-child/functions.php on line 235

2020-06-23T14:43:54+00:00 CRITICAL Uncaught Error: Cannot use object of type WP_Term as array in /home/427082.cloudwaysapps.com/kmjtdaheqs/public_html/wp-content/themes/twentyten-child/functions.php:235
Stack trace:
#0 /home/427082.cloudwaysapps.com/kmjtdaheqs/public_html/wp-includes/shortcodes.php(343): featured_item_section_on_home_page('', '', 'featured_item_s...')
#1 [internal function]: do_shortcode_tag(Array)
#2 /home/427082.cloudwaysapps.com/kmjtdaheqs/public_html/wp-includes/shortcodes.php(218): preg_replace_callback('/\\[(\\[?)(featur...', 'do_shortcode_ta...', '[featured_item_...')
#3 /home/427082.cloudwaysapps.com/kmjtdaheqs/public_html/wp-content/plugins/elementor/includes/widgets/shortcode.php(130): do_shortcode('[featured_item_...')
#4 /home/427082.cloudwaysapps.com/kmjtdaheqs/public_html/wp-content/plugins/elementor/includes/base/widget-base.php(531): Elementor\Widget_Shortcode->render()
#5 /home/427082.cloudwaysapps.com/kmjtdaheqs/public_html/wp-content/plugins/elementor/includes/base/widget-base.php(661): Elementor\Widget_Base in /home/427082.cloudwaysapps.com/kmjtdaheqs/public_html/wp-content/themes/twentyten-child/functions.php on line 235

2020-06-23T14:45:27+00:00 CRITICAL Uncaught Error: Cannot use object of type WP_Term as array in /home/427082.cloudwaysapps.com/kmjtdaheqs/public_html/wp-content/themes/twentyten-child/functions.php:235
Stack trace:
#0 /home/427082.cloudwaysapps.com/kmjtdaheqs/public_html/wp-includes/shortcodes.php(343): featured_item_section_on_home_page('', '', 'featured_item_s...')
#1 [internal function]: do_shortcode_tag(Array)
#2 /home/427082.cloudwaysapps.com/kmjtdaheqs/public_html/wp-includes/shortcodes.php(218): preg_replace_callback('/\\[(\\[?)(featur...', 'do_shortcode_ta...', '[featured_item_...')
#3 /home/427082.cloudwaysapps.com/kmjtdaheqs/public_html/wp-content/plugins/elementor/includes/widgets/shortcode.php(130): do_shortcode('[featured_item_...')
#4 /home/427082.cloudwaysapps.com/kmjtdaheqs/public_html/wp-content/plugins/elementor/includes/base/widget-base.php(531): Elementor\Widget_Shortcode->render()
#5 /home/427082.cloudwaysapps.com/kmjtdaheqs/public_html/wp-content/plugins/elementor/includes/base/widget-base.php(661): Elementor\Widget_Base in /home/427082.cloudwaysapps.com/kmjtdaheqs/public_html/wp-content/themes/twentyten-child/functions.php on line 235

2020-06-23T14:46:01+00:00 CRITICAL Uncaught Error: Cannot use object of type WP_Term as array in /home/427082.cloudwaysapps.com/kmjtdaheqs/public_html/wp-content/themes/twentyten-child/functions.php:235
Stack trace:
#0 /home/427082.cloudwaysapps.com/kmjtdaheqs/public_html/wp-includes/shortcodes.php(343): featured_item_section_on_home_page('', '', 'featured_item_s...')
#1 [internal function]: do_shortcode_tag(Array)
#2 /home/427082.cloudwaysapps.com/kmjtdaheqs/public_html/wp-includes/shortcodes.php(218): preg_replace_callback('/\\[(\\[?)(featur...', 'do_shortcode_ta...', '[featured_item_...')
#3 /home/427082.cloudwaysapps.com/kmjtdaheqs/public_html/wp-content/plugins/elementor/includes/widgets/shortcode.php(130): do_shortcode('[featured_item_...')
#4 /home/427082.cloudwaysapps.com/kmjtdaheqs/public_html/wp-content/plugins/elementor/includes/base/widget-base.php(531): Elementor\Widget_Shortcode->render()
#5 /home/427082.cloudwaysapps.com/kmjtdaheqs/public_html/wp-content/plugins/elementor/includes/base/widget-base.php(661): Elementor\Widget_Base in /home/427082.cloudwaysapps.com/kmjtdaheqs/public_html/wp-content/themes/twentyten-child/functions.php on line 235

2020-06-23T14:47:57+00:00 CRITICAL Uncaught Error: Cannot use object of type WP_Term as array in /home/427082.cloudwaysapps.com/kmjtdaheqs/public_html/wp-content/themes/twentyten-child/functions.php:235
Stack trace:
#0 /home/427082.cloudwaysapps.com/kmjtdaheqs/public_html/wp-includes/shortcodes.php(343): featured_item_section_on_home_page('', '', 'featured_item_s...')
#1 [internal function]: do_shortcode_tag(Array)
#2 /home/427082.cloudwaysapps.com/kmjtdaheqs/public_html/wp-includes/shortcodes.php(218): preg_replace_callback('/\\[(\\[?)(featur...', 'do_shortcode_ta...', '[featured_item_...')
#3 /home/427082.cloudwaysapps.com/kmjtdaheqs/public_html/wp-content/plugins/elementor/includes/widgets/shortcode.php(130): do_shortcode('[featured_item_...')
#4 /home/427082.cloudwaysapps.com/kmjtdaheqs/public_html/wp-content/plugins/elementor/includes/base/widget-base.php(531): Elementor\Widget_Shortcode->render()
#5 /home/427082.cloudwaysapps.com/kmjtdaheqs/public_html/wp-content/plugins/elementor/includes/base/widget-base.php(661): Elementor\Widget_Base in /home/427082.cloudwaysapps.com/kmjtdaheqs/public_html/wp-content/themes/twentyten-child/functions.php on line 235

2020-06-23T14:48:08+00:00 CRITICAL Uncaught Error: Cannot use object of type WP_Term as array in /home/427082.cloudwaysapps.com/kmjtdaheqs/public_html/wp-content/themes/twentyten-child/functions.php:235
Stack trace:
#0 /home/427082.cloudwaysapps.com/kmjtdaheqs/public_html/wp-includes/shortcodes.php(343): featured_item_section_on_home_page('', '', 'featured_item_s...')
#1 [internal function]: do_shortcode_tag(Array)
#2 /home/427082.cloudwaysapps.com/kmjtdaheqs/public_html/wp-includes/shortcodes.php(218): preg_replace_callback('/\\[(\\[?)(featur...', 'do_shortcode_ta...', '[featured_item_...')
#3 /home/427082.cloudwaysapps.com/kmjtdaheqs/public_html/wp-content/plugins/elementor/includes/widgets/shortcode.php(130): do_shortcode('[featured_item_...')
#4 /home/427082.cloudwaysapps.com/kmjtdaheqs/public_html/wp-content/plugins/elementor/includes/base/widget-base.php(531): Elementor\Widget_Shortcode->render()
#5 /home/427082.cloudwaysapps.com/kmjtdaheqs/public_html/wp-content/plugins/elementor/includes/base/widget-base.php(661): Elementor\Widget_Base in /home/427082.cloudwaysapps.com/kmjtdaheqs/public_html/wp-content/themes/twentyten-child/functions.php on line 235

2020-06-23T14:48:27+00:00 CRITICAL Uncaught Error: Cannot use object of type WP_Term as array in /home/427082.cloudwaysapps.com/kmjtdaheqs/public_html/wp-content/themes/twentyten-child/functions.php:235
Stack trace:
#0 /home/427082.cloudwaysapps.com/kmjtdaheqs/public_html/wp-includes/shortcodes.php(343): featured_item_section_on_home_page('', '', 'featured_item_s...')
#1 [internal function]: do_shortcode_tag(Array)
#2 /home/427082.cloudwaysapps.com/kmjtdaheqs/public_html/wp-includes/shortcodes.php(218): preg_replace_callback('/\\[(\\[?)(featur...', 'do_shortcode_ta...', '[featured_item_...')
#3 /home/427082.cloudwaysapps.com/kmjtdaheqs/public_html/wp-content/plugins/elementor/includes/widgets/shortcode.php(130): do_shortcode('[featured_item_...')
#4 /home/427082.cloudwaysapps.com/kmjtdaheqs/public_html/wp-content/plugins/elementor/includes/base/widget-base.php(531): Elementor\Widget_Shortcode->render()
#5 /home/427082.cloudwaysapps.com/kmjtdaheqs/public_html/wp-content/plugins/elementor/includes/base/widget-base.php(661): Elementor\Widget_Base in /home/427082.cloudwaysapps.com/kmjtdaheqs/public_html/wp-content/themes/twentyten-child/functions.php on line 235

2020-06-23T14:48:35+00:00 CRITICAL Uncaught Error: Cannot use object of type WP_Term as array in /home/427082.cloudwaysapps.com/kmjtdaheqs/public_html/wp-content/themes/twentyten-child/functions.php:235
Stack trace:
#0 /home/427082.cloudwaysapps.com/kmjtdaheqs/public_html/wp-includes/shortcodes.php(343): featured_item_section_on_home_page('', '', 'featured_item_s...')
#1 [internal function]: do_shortcode_tag(Array)
#2 /home/427082.cloudwaysapps.com/kmjtdaheqs/public_html/wp-includes/shortcodes.php(218): preg_replace_callback('/\\[(\\[?)(featur...', 'do_shortcode_ta...', '[featured_item_...')
#3 /home/427082.cloudwaysapps.com/kmjtdaheqs/public_html/wp-content/plugins/elementor/includes/widgets/shortcode.php(130): do_shortcode('[featured_item_...')
#4 /home/427082.cloudwaysapps.com/kmjtdaheqs/public_html/wp-content/plugins/elementor/includes/base/widget-base.php(531): Elementor\Widget_Shortcode->render()
#5 /home/427082.cloudwaysapps.com/kmjtdaheqs/public_html/wp-content/plugins/elementor/includes/base/widget-base.php(661): Elementor\Widget_Base in /home/427082.cloudwaysapps.com/kmjtdaheqs/public_html/wp-content/themes/twentyten-child/functions.php on line 235

2020-06-23T14:48:45+00:00 CRITICAL Uncaught Error: Cannot use object of type WP_Term as array in /home/427082.cloudwaysapps.com/kmjtdaheqs/public_html/wp-content/themes/twentyten-child/functions.php:235
Stack trace:
#0 /home/427082.cloudwaysapps.com/kmjtdaheqs/public_html/wp-includes/shortcodes.php(343): featured_item_section_on_home_page('', '', 'featured_item_s...')
#1 [internal function]: do_shortcode_tag(Array)
#2 /home/427082.cloudwaysapps.com/kmjtdaheqs/public_html/wp-includes/shortcodes.php(218): preg_replace_callback('/\\[(\\[?)(featur...', 'do_shortcode_ta...', '[featured_item_...')
#3 /home/427082.cloudwaysapps.com/kmjtdaheqs/public_html/wp-content/plugins/elementor/includes/widgets/shortcode.php(130): do_shortcode('[featured_item_...')
#4 /home/427082.cloudwaysapps.com/kmjtdaheqs/public_html/wp-content/plugins/elementor/includes/base/widget-base.php(531): Elementor\Widget_Shortcode->render()
#5 /home/427082.cloudwaysapps.com/kmjtdaheqs/public_html/wp-content/plugins/elementor/includes/base/widget-base.php(661): Elementor\Widget_Base in /home/427082.cloudwaysapps.com/kmjtdaheqs/public_html/wp-content/themes/twentyten-child/functions.php on line 235

2020-06-23T14:49:31+00:00 CRITICAL Uncaught Error: Cannot use object of type WP_Term as array in /home/427082.cloudwaysapps.com/kmjtdaheqs/public_html/wp-content/themes/twentyten-child/functions.php:235
Stack trace:
#0 /home/427082.cloudwaysapps.com/kmjtdaheqs/public_html/wp-includes/shortcodes.php(343): featured_item_section_on_home_page('', '', 'featured_item_s...')
#1 [internal function]: do_shortcode_tag(Array)
#2 /home/427082.cloudwaysapps.com/kmjtdaheqs/public_html/wp-includes/shortcodes.php(218): preg_replace_callback('/\\[(\\[?)(featur...', 'do_shortcode_ta...', '[featured_item_...')
#3 /home/427082.cloudwaysapps.com/kmjtdaheqs/public_html/wp-content/plugins/elementor/includes/widgets/shortcode.php(130): do_shortcode('[featured_item_...')
#4 /home/427082.cloudwaysapps.com/kmjtdaheqs/public_html/wp-content/plugins/elementor/includes/base/widget-base.php(531): Elementor\Widget_Shortcode->render()
#5 /home/427082.cloudwaysapps.com/kmjtdaheqs/public_html/wp-content/plugins/elementor/includes/base/widget-base.php(661): Elementor\Widget_Base in /home/427082.cloudwaysapps.com/kmjtdaheqs/public_html/wp-content/themes/twentyten-child/functions.php on line 235

2020-06-23T14:50:09+00:00 CRITICAL Uncaught Error: Cannot use object of type WP_Term as array in /home/427082.cloudwaysapps.com/kmjtdaheqs/public_html/wp-content/themes/twentyten-child/functions.php:235
Stack trace:
#0 /home/427082.cloudwaysapps.com/kmjtdaheqs/public_html/wp-includes/shortcodes.php(343): featured_item_section_on_home_page('', '', 'featured_item_s...')
#1 [internal function]: do_shortcode_tag(Array)
#2 /home/427082.cloudwaysapps.com/kmjtdaheqs/public_html/wp-includes/shortcodes.php(218): preg_replace_callback('/\\[(\\[?)(featur...', 'do_shortcode_ta...', '[featured_item_...')
#3 /home/427082.cloudwaysapps.com/kmjtdaheqs/public_html/wp-content/plugins/elementor/includes/widgets/shortcode.php(130): do_shortcode('[featured_item_...')
#4 /home/427082.cloudwaysapps.com/kmjtdaheqs/public_html/wp-content/plugins/elementor/includes/base/widget-base.php(531): Elementor\Widget_Shortcode->render()
#5 /home/427082.cloudwaysapps.com/kmjtdaheqs/public_html/wp-content/plugins/elementor/includes/base/widget-base.php(661): Elementor\Widget_Base in /home/427082.cloudwaysapps.com/kmjtdaheqs/public_html/wp-content/themes/twentyten-child/functions.php on line 235

2020-06-23T14:50:19+00:00 CRITICAL Uncaught Error: Cannot use object of type WP_Term as array in /home/427082.cloudwaysapps.com/kmjtdaheqs/public_html/wp-content/themes/twentyten-child/functions.php:235
Stack trace:
#0 /home/427082.cloudwaysapps.com/kmjtdaheqs/public_html/wp-includes/shortcodes.php(343): featured_item_section_on_home_page('', '', 'featured_item_s...')
#1 [internal function]: do_shortcode_tag(Array)
#2 /home/427082.cloudwaysapps.com/kmjtdaheqs/public_html/wp-includes/shortcodes.php(218): preg_replace_callback('/\\[(\\[?)(featur...', 'do_shortcode_ta...', '[featured_item_...')
#3 /home/427082.cloudwaysapps.com/kmjtdaheqs/public_html/wp-content/plugins/elementor/includes/widgets/shortcode.php(130): do_shortcode('[featured_item_...')
#4 /home/427082.cloudwaysapps.com/kmjtdaheqs/public_html/wp-content/plugins/elementor/includes/base/widget-base.php(531): Elementor\Widget_Shortcode->render()
#5 /home/427082.cloudwaysapps.com/kmjtdaheqs/public_html/wp-content/plugins/elementor/includes/base/widget-base.php(661): Elementor\Widget_Base in /home/427082.cloudwaysapps.com/kmjtdaheqs/public_html/wp-content/themes/twentyten-child/functions.php on line 235

2020-06-23T15:28:07+00:00 CRITICAL Uncaught Error: Cannot use object of type WP_Term as array in /home/427082.cloudwaysapps.com/kmjtdaheqs/public_html/wp-content/themes/twentyten-child/functions.php:235
Stack trace:
#0 /home/427082.cloudwaysapps.com/kmjtdaheqs/public_html/wp-includes/shortcodes.php(343): featured_item_section_on_home_page('', '', 'featured_item_s...')
#1 [internal function]: do_shortcode_tag(Array)
#2 /home/427082.cloudwaysapps.com/kmjtdaheqs/public_html/wp-includes/shortcodes.php(218): preg_replace_callback('/\\[(\\[?)(featur...', 'do_shortcode_ta...', '[featured_item_...')
#3 /home/427082.cloudwaysapps.com/kmjtdaheqs/public_html/wp-content/plugins/elementor/includes/widgets/shortcode.php(130): do_shortcode('[featured_item_...')
#4 /home/427082.cloudwaysapps.com/kmjtdaheqs/public_html/wp-content/plugins/elementor/includes/base/widget-base.php(531): Elementor\Widget_Shortcode->render()
#5 /home/427082.cloudwaysapps.com/kmjtdaheqs/public_html/wp-content/plugins/elementor/includes/base/widget-base.php(661): Elementor\Widget_Base in /home/427082.cloudwaysapps.com/kmjtdaheqs/public_html/wp-content/themes/twentyten-child/functions.php on line 235

2020-06-23T15:28:15+00:00 CRITICAL Uncaught Error: Cannot use object of type WP_Term as array in /home/427082.cloudwaysapps.com/kmjtdaheqs/public_html/wp-content/themes/twentyten-child/functions.php:235
Stack trace:
#0 /home/427082.cloudwaysapps.com/kmjtdaheqs/public_html/wp-includes/shortcodes.php(343): featured_item_section_on_home_page('', '', 'featured_item_s...')
#1 [internal function]: do_shortcode_tag(Array)
#2 /home/427082.cloudwaysapps.com/kmjtdaheqs/public_html/wp-includes/shortcodes.php(218): preg_replace_callback('/\\[(\\[?)(featur...', 'do_shortcode_ta...', '[featured_item_...')
#3 /home/427082.cloudwaysapps.com/kmjtdaheqs/public_html/wp-content/plugins/elementor/includes/widgets/shortcode.php(130): do_shortcode('[featured_item_...')
#4 /home/427082.cloudwaysapps.com/kmjtdaheqs/public_html/wp-content/plugins/elementor/includes/base/widget-base.php(531): Elementor\Widget_Shortcode->render()
#5 /home/427082.cloudwaysapps.com/kmjtdaheqs/public_html/wp-content/plugins/elementor/includes/base/widget-base.php(661): Elementor\Widget_Base in /home/427082.cloudwaysapps.com/kmjtdaheqs/public_html/wp-content/themes/twentyten-child/functions.php on line 235

2020-06-23T15:28:29+00:00 CRITICAL Uncaught Error: Cannot use object of type WP_Term as array in /home/427082.cloudwaysapps.com/kmjtdaheqs/public_html/wp-content/themes/twentyten-child/functions.php:235
Stack trace:
#0 /home/427082.cloudwaysapps.com/kmjtdaheqs/public_html/wp-includes/shortcodes.php(343): featured_item_section_on_home_page('', '', 'featured_item_s...')
#1 [internal function]: do_shortcode_tag(Array)
#2 /home/427082.cloudwaysapps.com/kmjtdaheqs/public_html/wp-includes/shortcodes.php(218): preg_replace_callback('/\\[(\\[?)(featur...', 'do_shortcode_ta...', '[featured_item_...')
#3 /home/427082.cloudwaysapps.com/kmjtdaheqs/public_html/wp-content/plugins/elementor/includes/widgets/shortcode.php(130): do_shortcode('[featured_item_...')
#4 /home/427082.cloudwaysapps.com/kmjtdaheqs/public_html/wp-content/plugins/elementor/includes/base/widget-base.php(531): Elementor\Widget_Shortcode->render()
#5 /home/427082.cloudwaysapps.com/kmjtdaheqs/public_html/wp-content/plugins/elementor/includes/base/widget-base.php(661): Elementor\Widget_Base in /home/427082.cloudwaysapps.com/kmjtdaheqs/public_html/wp-content/themes/twentyten-child/functions.php on line 235

2020-06-23T15:28:35+00:00 CRITICAL Uncaught Error: Cannot use object of type WP_Term as array in /home/427082.cloudwaysapps.com/kmjtdaheqs/public_html/wp-content/themes/twentyten-child/functions.php:235
Stack trace:
#0 /home/427082.cloudwaysapps.com/kmjtdaheqs/public_html/wp-includes/shortcodes.php(343): featured_item_section_on_home_page('', '', 'featured_item_s...')
#1 [internal function]: do_shortcode_tag(Array)
#2 /home/427082.cloudwaysapps.com/kmjtdaheqs/public_html/wp-includes/shortcodes.php(218): preg_replace_callback('/\\[(\\[?)(featur...', 'do_shortcode_ta...', '[featured_item_...')
#3 /home/427082.cloudwaysapps.com/kmjtdaheqs/public_html/wp-content/plugins/elementor/includes/widgets/shortcode.php(130): do_shortcode('[featured_item_...')
#4 /home/427082.cloudwaysapps.com/kmjtdaheqs/public_html/wp-content/plugins/elementor/includes/base/widget-base.php(531): Elementor\Widget_Shortcode->render()
#5 /home/427082.cloudwaysapps.com/kmjtdaheqs/public_html/wp-content/plugins/elementor/includes/base/widget-base.php(661): Elementor\Widget_Base in /home/427082.cloudwaysapps.com/kmjtdaheqs/public_html/wp-content/themes/twentyten-child/functions.php on line 235

2020-06-23T15:28:39+00:00 CRITICAL Uncaught Error: Cannot use object of type WP_Term as array in /home/427082.cloudwaysapps.com/kmjtdaheqs/public_html/wp-content/themes/twentyten-child/functions.php:235
Stack trace:
#0 /home/427082.cloudwaysapps.com/kmjtdaheqs/public_html/wp-includes/shortcodes.php(343): featured_item_section_on_home_page('', '', 'featured_item_s...')
#1 [internal function]: do_shortcode_tag(Array)
#2 /home/427082.cloudwaysapps.com/kmjtdaheqs/public_html/wp-includes/shortcodes.php(218): preg_replace_callback('/\\[(\\[?)(featur...', 'do_shortcode_ta...', '[featured_item_...')
#3 /home/427082.cloudwaysapps.com/kmjtdaheqs/public_html/wp-content/plugins/elementor/includes/widgets/shortcode.php(130): do_shortcode('[featured_item_...')
#4 /home/427082.cloudwaysapps.com/kmjtdaheqs/public_html/wp-content/plugins/elementor/includes/base/widget-base.php(531): Elementor\Widget_Shortcode->render()
#5 /home/427082.cloudwaysapps.com/kmjtdaheqs/public_html/wp-content/plugins/elementor/includes/base/widget-base.php(661): Elementor\Widget_Base in /home/427082.cloudwaysapps.com/kmjtdaheqs/public_html/wp-content/themes/twentyten-child/functions.php on line 235

2020-06-23T15:28:47+00:00 CRITICAL Uncaught Error: Cannot use object of type WP_Term as array in /home/427082.cloudwaysapps.com/kmjtdaheqs/public_html/wp-content/themes/twentyten-child/functions.php:235
Stack trace:
#0 /home/427082.cloudwaysapps.com/kmjtdaheqs/public_html/wp-includes/shortcodes.php(343): featured_item_section_on_home_page('', '', 'featured_item_s...')
#1 [internal function]: do_shortcode_tag(Array)
#2 /home/427082.cloudwaysapps.com/kmjtdaheqs/public_html/wp-includes/shortcodes.php(218): preg_replace_callback('/\\[(\\[?)(featur...', 'do_shortcode_ta...', '[featured_item_...')
#3 /home/427082.cloudwaysapps.com/kmjtdaheqs/public_html/wp-content/plugins/elementor/includes/widgets/shortcode.php(130): do_shortcode('[featured_item_...')
#4 /home/427082.cloudwaysapps.com/kmjtdaheqs/public_html/wp-content/plugins/elementor/includes/base/widget-base.php(531): Elementor\Widget_Shortcode->render()
#5 /home/427082.cloudwaysapps.com/kmjtdaheqs/public_html/wp-content/plugins/elementor/includes/base/widget-base.php(661): Elementor\Widget_Base in /home/427082.cloudwaysapps.com/kmjtdaheqs/public_html/wp-content/themes/twentyten-child/functions.php on line 235

